<?xml version="1.0" encoding="UTF-8"?>
<!-- Generated by org.testng.reporters.JUnitReportReporter -->
<testsuite hostname="Livingroom-pc" name="com.nfl.test.TestNFL" tests="1" failures="0" timestamp="17 Sep 2014 17:47:39 GMT" time="10.240" errors="0">
  <testcase name="mainTest" time="10.240" classname="com.nfl.test.TestNFL"/>
</testsuite> <!-- com.nfl.test.TestNFL -->
